<?xml version="1.0" encoding="UTF-8"?>
<!-- Generated by org.testng.reporters.JUnitXMLReporter -->
<testsuite hostname="Venkatramanas-MacBook-Air.local" ignored="0" name="WalmartEcommerce" tests="3" failures="0" timestamp="14 Jan 2019 04:22:10 GMT" time="72.039" errors="0">
  <testcase name="verifyItemsDisplayedByPrice" time="22.502" classname="com.walmart.ecom.ui.tests.ToysSectionTests"/>
  <testcase name="verifyProductDetails" time="22.52" classname="com.walmart.ecom.ui.tests.ToysSectionTests"/>
  <testcase name="verifyProductDetails" time="20.66" classname="com.walmart.ecom.ui.tests.ToysSectionTests"/>
</testsuite> <!-- WalmartEcommerce -->
